TN:
SF:src/app/app.component.ts
FN:96,(anonymous_0)
FN:20,(anonymous_1)
FN:36,(anonymous_2)
FN:102,(anonymous_3)
FN:106,(anonymous_4)
FN:114,(anonymous_5)
FN:115,(anonymous_6)
FN:116,(anonymous_7)
FN:121,(anonymous_8)
FN:136,(anonymous_9)
FN:163,(anonymous_10)
FNF:11
FNH:1
FNDA:2,(anonymous_0)
FNDA:0,(anonymous_1)
FNDA:0,(anonymous_2)
FNDA:0,(anonymous_3)
FNDA:0,(anonymous_4)
FNDA:0,(anonymous_5)
FNDA:0,(anonymous_6)
FNDA:0,(anonymous_7)
FNDA:0,(anonymous_8)
FNDA:0,(anonymous_9)
FNDA:0,(anonymous_10)
DA:12,1
DA:13,2
DA:14,2
DA:21,0
DA:25,2
DA:30,2
DA:31,2
DA:32,2
DA:33,2
DA:34,2
DA:37,0
DA:41,2
DA:42,2
DA:44,2
DA:45,2
DA:46,2
DA:47,2
DA:50,2
DA:51,2
DA:52,2
DA:58,2
DA:77,2
DA:78,2
DA:81,2
DA:96,2
DA:97,2
DA:105,0
DA:106,0
DA:108,0
DA:110,0
DA:113,0
DA:114,0
DA:115,0
DA:116,0
DA:122,0
DA:123,0
DA:124,0
DA:126,0
DA:127,0
DA:129,0
DA:130,0
DA:138,0
DA:159,0
DA:165,0
DA:166,0
DA:167,0
DA:168,0
DA:169,0
DA:170,0
DA:172,0
LF:50
LH:24
BRDA:123,0,0,0
BRDA:126,1,0,0
BRDA:129,2,0,0
BRDA:169,3,0,0
BRDA:169,3,1,0
BRF:5
BRH:0
end_of_record
TN:
SF:src/app/charts-data.service.ts
FN:13,(anonymous_0)
FN:159,(anonymous_1)
FN:172,(anonymous_2)
FN:176,(anonymous_3)
FN:186,(anonymous_4)
FN:196,(anonymous_5)
FNF:6
FNH:1
FNDA:3,(anonymous_0)
FNDA:0,(anonymous_1)
FNDA:0,(anonymous_2)
FNDA:0,(anonymous_3)
FNDA:0,(anonymous_4)
FNDA:0,(anonymous_5)
DA:6,1
DA:17,3
DA:59,3
DA:84,3
DA:109,3
DA:133,3
DA:161,0
DA:162,0
DA:164,0
DA:169,0
DA:173,0
DA:177,0
DA:178,0
DA:183,0
DA:187,0
DA:188,0
DA:193,0
DA:197,0
DA:198,0
DA:203,0
LF:20
LH:6
BRDA:161,0,0,0
BRF:1
BRH:0
end_of_record
TN:
SF:src/app/_shared/button/button.component.ts
FN:13,(anonymous_0)
FN:15,(anonymous_1)
FN:18,(anonymous_2)
FNF:3
FNH:3
FNDA:14,(anonymous_0)
FNDA:14,(anonymous_1)
FNDA:1,(anonymous_2)
DA:8,1
DA:12,14
DA:19,1
LF:3
LH:3
BRF:0
BRH:0
end_of_record
TN:
SF:src/app/_shared/checkbox/checkbox.component.ts
FN:22,(anonymous_1)
FNF:1
FNH:1
FNDA:2,(anonymous_1)
DA:9,1
DA:11,2
DA:20,2
DA:23,2
DA:24,2
DA:25,2
DA:26,1
DA:28,1
DA:30,2
LF:9
LH:9
BRDA:25,0,0,1
BRDA:25,0,1,1
BRF:2
BRH:2
end_of_record
TN:
SF:src/app/_shared/circle-progress-bar/circle-progress-bar.component.ts
FNF:0
FNH:0
DA:8,1
LF:1
LH:1
BRF:0
BRH:0
end_of_record
TN:
SF:src/app/_shared/comp-charts/comp-charts.component.ts
FN:24,(anonymous_1)
FN:29,(anonymous_2)
FN:34,(anonymous_3)
FNF:3
FNH:3
FNDA:1,(anonymous_1)
FNDA:1,(anonymous_2)
FNDA:1,(anonymous_3)
DA:10,1
DA:12,4
DA:25,1
DA:26,1
DA:30,1
DA:31,1
DA:35,1
DA:36,1
LF:8
LH:8
BRF:0
BRH:0
end_of_record
TN:
SF:src/app/_shared/comp-filter/comp-filter.component.ts
FN:13,(anonymous_1)
FNF:1
FNH:1
FNDA:1,(anonymous_1)
DA:9,1
DA:10,2
DA:14,1
LF:3
LH:3
BRF:0
BRH:0
end_of_record
TN:
SF:src/app/_shared/password-strength-bar/password-strength-bar.component.ts
FN:18,(anonymous_1)
FN:39,(anonymous_2)
FN:55,(anonymous_3)
FN:63,(anonymous_4)
FNF:4
FNH:4
FNDA:6,(anonymous_1)
FNDA:6,(anonymous_2)
FNDA:6,(anonymous_3)
FNDA:12,(anonymous_4)
DA:8,1
DA:11,12
DA:12,12
DA:13,12
DA:14,12
DA:15,12
DA:17,12
DA:19,6
DA:20,6
DA:21,6
DA:22,53
DA:23,53
DA:25,6
DA:31,6
DA:33,6
DA:34,24
DA:36,6
DA:37,6
DA:40,6
DA:41,6
DA:42,0
DA:43,6
DA:44,5
DA:45,1
DA:46,1
DA:47,0
DA:48,0
DA:50,6
DA:56,6
DA:57,6
DA:58,6
DA:59,6
DA:60,6
DA:64,12
DA:65,53
LF:35
LH:32
BRDA:22,0,0,53
BRDA:22,0,1,53
BRDA:34,1,0,24
BRDA:34,1,1,0
BRDA:41,2,0,0
BRDA:41,2,1,6
BRDA:43,3,0,5
BRDA:43,3,1,1
BRDA:45,4,0,1
BRDA:45,4,1,0
BRDA:47,5,0,0
BRDA:58,6,0,6
BRF:12
BRH:8
end_of_record
TN:
SF:src/app/_shared/pipes/comp-filter.pipe.ts
FN:8,(anonymous_0)
FN:19,(anonymous_1)
FNF:2
FNH:2
FNDA:4,(anonymous_0)
FNDA:6,(anonymous_1)
DA:6,1
DA:9,4
DA:10,4
DA:11,1
DA:12,1
DA:14,3
DA:15,1
DA:17,2
DA:19,2
DA:20,6
DA:22,2
LF:11
LH:11
BRDA:10,0,0,1
BRDA:10,1,0,0
BRDA:10,1,1,4
BRDA:10,2,0,4
BRDA:10,2,1,4
BRDA:14,3,0,1
BRDA:20,4,0,6
BRDA:20,4,1,5
BRF:8
BRH:7
end_of_record
TN:
SF:src/app/_shared/radio-button/radio-button.component.ts
FN:20,(anonymous_1)
FNF:1
FNH:1
FNDA:1,(anonymous_1)
DA:9,1
DA:13,2
DA:21,1
DA:22,1
LF:4
LH:4
BRF:0
BRH:0
end_of_record
TN:
SF:src/app/_shared/tabs/tabs.component.ts
FNF:0
FNH:0
DA:12,1
DA:16,1
LF:2
LH:2
BRF:0
BRH:0
end_of_record
TN:
SF:src/app/auth/auth.service.ts
FN:12,(anonymous_0)
FN:16,(anonymous_1)
FN:19,(anonymous_2)
FN:22,(anonymous_3)
FN:25,(anonymous_4)
FNF:5
FNH:5
FNDA:16,(anonymous_0)
FNDA:3,(anonymous_1)
FNDA:3,(anonymous_2)
FNDA:1,(anonymous_3)
FNDA:2,(anonymous_4)
DA:10,1
DA:12,16
DA:13,16
DA:14,16
DA:17,3
DA:20,3
DA:23,1
DA:26,2
LF:8
LH:8
BRF:0
BRH:0
end_of_record
TN:
SF:src/app/auth/login/login.component.ts
FN:31,(anonymous_0)
FN:33,(anonymous_1)
FN:35,(anonymous_2)
FN:46,(anonymous_3)
FN:57,(anonymous_4)
FNF:5
FNH:4
FNDA:3,(anonymous_0)
FNDA:3,(anonymous_1)
FNDA:1,(anonymous_2)
FNDA:1,(anonymous_3)
FNDA:0,(anonymous_4)
DA:12,1
DA:18,3
DA:24,3
DA:31,3
DA:37,1
DA:44,1
DA:47,1
DA:53,1
DA:54,1
DA:55,1
DA:58,0
DA:64,0
LF:12
LH:10
BRF:0
BRH:0
end_of_record
TN:
SF:src/app/auth/register/register.component.ts
FN:34,(anonymous_0)
FN:36,(anonymous_1)
FN:39,(anonymous_2)
FN:56,(anonymous_3)
FN:65,(anonymous_4)
FNF:5
FNH:4
FNDA:5,(anonymous_0)
FNDA:5,(anonymous_1)
FNDA:1,(anonymous_2)
FNDA:1,(anonymous_3)
FNDA:0,(anonymous_4)
DA:13,1
DA:16,5
DA:18,5
DA:27,5
DA:34,5
DA:41,1
DA:49,1
DA:54,1
DA:57,1
DA:63,1
DA:66,0
LF:11
LH:10
BRF:0
BRH:0
end_of_record
TN:
SF:src/app/auth/resetpassword/resetpassword.component.ts
FN:33,(anonymous_0)
FN:35,(anonymous_1)
FN:37,(anonymous_2)
FNF:3
FNH:3
FNDA:2,(anonymous_0)
FNDA:2,(anonymous_1)
FNDA:1,(anonymous_2)
DA:11,1
DA:15,2
DA:19,2
DA:25,2
DA:33,2
DA:38,1
DA:45,1
DA:46,1
LF:8
LH:8
BRF:0
BRH:0
end_of_record
TN:
SF:src/app/dashboard/dashboard.component.ts
FN:10,(anonymous_0)
FN:12,(anonymous_1)
FNF:2
FNH:2
FNDA:1,(anonymous_0)
FNDA:1,(anonymous_1)
DA:8,1
LF:1
LH:1
BRF:0
BRH:0
end_of_record
TN:
SF:src/app/includes/authsidebar/authsidebar.component.ts
FN:10,(anonymous_0)
FN:12,(anonymous_1)
FNF:2
FNH:2
FNDA:11,(anonymous_0)
FNDA:11,(anonymous_1)
DA:8,1
LF:1
LH:1
BRF:0
BRH:0
end_of_record
TN:
SF:src/app/validators/confirm-password/ConfirmPasswordValidator.ts
FN:2,ConfirmPasswordValidator
FN:3,(anonymous_1)
FNF:2
FNH:2
FNDA:5,ConfirmPasswordValidator
FNDA:59,(anonymous_1)
DA:3,5
DA:4,59
DA:5,59
DA:6,0
DA:8,59
DA:9,6
DA:11,53
DA:15,0
LF:8
LH:6
BRDA:4,0,0,59
BRDA:4,0,1,0
BRDA:4,1,0,59
BRDA:4,1,1,59
BRDA:5,2,0,0
BRDA:5,2,1,59
BRDA:8,3,0,6
BRDA:8,3,1,53
BRF:8
BRH:6
end_of_record
TN:
SF:src/app/validators/password/PasswordValidator.ts
FN:2,PasswordValidator
FN:3,(anonymous_1)
FNF:2
FNH:2
FNDA:10,PasswordValidator
FNDA:41,(anonymous_1)
DA:3,10
DA:4,41
DA:5,41
LF:3
LH:3
BRDA:5,0,0,37
BRDA:5,0,1,4
BRF:2
BRH:2
end_of_record
TN:
SF:src/environments/environment.ts
FNF:0
FNH:0
DA:5,1
LF:1
LH:1
BRF:0
BRH:0
end_of_record
